
==================================================
시간: 2026-03-23 19:07:35.246584
파일: F:\Workspaces\design_Jinsu_Trunk\Trunk\Shared\Data\JSON\KingdomWorld.json
[플러그인 로드 실패] docx: 필요 패키지 없음: docx
==================================================

==================================================
시간: 2026-03-23 19:07:35.248082
파일: F:\Workspaces\design_Jinsu_Trunk\Trunk\Shared\Data\JSON\KingdomWorld.json
[플러그인 로드 실패] hwp: 필요 패키지 없음: olefile
==================================================

==================================================
시간: 2026-03-23 19:07:35.249584
파일: F:\Workspaces\design_Jinsu_Trunk\Trunk\Shared\Data\JSON\KingdomWorld.json
[플러그인 로드 실패] pdf: 필요 패키지 없음: pdfminer
==================================================

==================================================
시간: 2026-03-23 19:07:35.251083
파일: F:\Workspaces\design_Jinsu_Trunk\Trunk\Shared\Data\JSON\KingdomWorld.json
[플러그인 로드 실패] yaml: 필요 패키지 없음: yaml
==================================================

==================================================
시간: 2026-03-23 19:07:35.304643
파일: F:\Workspaces\design_Jinsu_Trunk\Trunk\Shared\Data\JSON\LevelGadgetExportExcel.json
[플러그인 로드 실패] docx: 필요 패키지 없음: docx
==================================================

==================================================
시간: 2026-03-23 19:07:35.307157
파일: F:\Workspaces\design_Jinsu_Trunk\Trunk\Shared\Data\JSON\LevelGadgetExportExcel.json
[플러그인 로드 실패] hwp: 필요 패키지 없음: olefile
==================================================

==================================================
시간: 2026-03-23 19:07:35.308656
파일: F:\Workspaces\design_Jinsu_Trunk\Trunk\Shared\Data\JSON\LevelGadgetExportExcel.json
[플러그인 로드 실패] pdf: 필요 패키지 없음: pdfminer
==================================================

==================================================
시간: 2026-03-23 19:07:35.334680
파일: F:\Workspaces\design_Jinsu_Trunk\Trunk\Shared\Data\JSON\LevelGadgetExportExcel.json
[플러그인 로드 실패] yaml: 필요 패키지 없음: yaml
==================================================

==================================================
시간: 2026-03-23 19:07:35.353203
파일: F:\Workspaces\design_Jinsu_Trunk\Trunk\Shared\Data\JSON\HitBox\Monster_Boss_Giant_WarHammer01.json
[플러그인 로드 실패] docx: 필요 패키지 없음: docx
==================================================

==================================================
시간: 2026-03-23 19:07:35.354703
파일: F:\Workspaces\design_Jinsu_Trunk\Trunk\Shared\Data\JSON\HitBox\Monster_Boss_Giant_WarHammer01.json
[플러그인 로드 실패] hwp: 필요 패키지 없음: olefile
==================================================

==================================================
시간: 2026-03-23 19:07:35.355706
파일: F:\Workspaces\design_Jinsu_Trunk\Trunk\Shared\Data\JSON\HitBox\Monster_Boss_Giant_WarHammer01.json
[플러그인 로드 실패] pdf: 필요 패키지 없음: pdfminer
==================================================

==================================================
시간: 2026-03-23 19:07:35.357210
파일: F:\Workspaces\design_Jinsu_Trunk\Trunk\Shared\Data\JSON\HitBox\Monster_Boss_Giant_WarHammer01.json
[플러그인 로드 실패] yaml: 필요 패키지 없음: yaml
==================================================

==================================================
시간: 2026-03-23 19:07:35.394753
파일: F:\Workspaces\design_Jinsu_Trunk\Trunk\Shared\Data\JSON\HitBox\Monster_Nightking.json
[플러그인 로드 실패] docx: 필요 패키지 없음: docx
==================================================

==================================================
시간: 2026-03-23 19:07:35.395758
파일: F:\Workspaces\design_Jinsu_Trunk\Trunk\Shared\Data\JSON\HitBox\Monster_Nightking.json
[플러그인 로드 실패] hwp: 필요 패키지 없음: olefile
==================================================

==================================================
시간: 2026-03-23 19:07:35.397268
파일: F:\Workspaces\design_Jinsu_Trunk\Trunk\Shared\Data\JSON\HitBox\Monster_Nightking.json
[플러그인 로드 실패] pdf: 필요 패키지 없음: pdfminer
==================================================

==================================================
시간: 2026-03-23 19:07:35.398270
파일: F:\Workspaces\design_Jinsu_Trunk\Trunk\Shared\Data\JSON\HitBox\Monster_Nightking.json
[플러그인 로드 실패] yaml: 필요 패키지 없음: yaml
==================================================

==================================================
시간: 2026-03-23 19:07:35.467374
파일: F:\Workspaces\design_Jinsu_Trunk\Trunk\Shared\Data\JSON\HitMotion\MonUnisex_Damage_LeftDown01_20801.json
[플러그인 로드 실패] docx: 필요 패키지 없음: docx
==================================================

==================================================
시간: 2026-03-23 19:07:35.468874
파일: F:\Workspaces\design_Jinsu_Trunk\Trunk\Shared\Data\JSON\HitMotion\MonUnisex_Damage_LeftDown01_20801.json
[플러그인 로드 실패] hwp: 필요 패키지 없음: olefile
==================================================

==================================================
시간: 2026-03-23 19:07:35.470375
파일: F:\Workspaces\design_Jinsu_Trunk\Trunk\Shared\Data\JSON\HitMotion\MonUnisex_Damage_LeftDown01_20801.json
[플러그인 로드 실패] pdf: 필요 패키지 없음: pdfminer
==================================================

==================================================
시간: 2026-03-23 19:07:35.471874
파일: F:\Workspaces\design_Jinsu_Trunk\Trunk\Shared\Data\JSON\HitMotion\MonUnisex_Damage_LeftDown01_20801.json
[플러그인 로드 실패] yaml: 필요 패키지 없음: yaml
==================================================

==================================================
시간: 2026-03-23 19:07:35.473374
파일: F:\Workspaces\design_Jinsu_Trunk\Trunk\Shared\Data\JSON\HitMotion\MonUnisex_Damage_Forward02_9111.json
[플러그인 로드 실패] docx: 필요 패키지 없음: docx
==================================================

==================================================
시간: 2026-03-23 19:07:35.475378
파일: F:\Workspaces\design_Jinsu_Trunk\Trunk\Shared\Data\JSON\HitMotion\MonUnisex_Damage_Forward02_9111.json
[플러그인 로드 실패] hwp: 필요 패키지 없음: olefile
==================================================

==================================================
시간: 2026-03-23 19:07:35.476884
파일: F:\Workspaces\design_Jinsu_Trunk\Trunk\Shared\Data\JSON\HitMotion\MonUnisex_Damage_Forward02_9111.json
[플러그인 로드 실패] pdf: 필요 패키지 없음: pdfminer
==================================================

==================================================
시간: 2026-03-23 19:07:35.478390
파일: F:\Workspaces\design_Jinsu_Trunk\Trunk\Shared\Data\JSON\HitMotion\MonUnisex_Damage_Forward02_9111.json
[플러그인 로드 실패] yaml: 필요 패키지 없음: yaml
==================================================

==================================================
시간: 2026-03-23 19:07:35.501928
파일: F:\Workspaces\design_Jinsu_Trunk\Trunk\Shared\Data\JSON\HitMotion\Sarissa_Guard_Left_Strong_8022.json
[플러그인 로드 실패] docx: 필요 패키지 없음: docx
==================================================

==================================================
시간: 2026-03-23 19:07:35.503930
파일: F:\Workspaces\design_Jinsu_Trunk\Trunk\Shared\Data\JSON\HitMotion\Sarissa_Guard_Left_Strong_8022.json
[플러그인 로드 실패] hwp: 필요 패키지 없음: olefile
==================================================

==================================================
시간: 2026-03-23 19:07:35.505939
파일: F:\Workspaces\design_Jinsu_Trunk\Trunk\Shared\Data\JSON\HitMotion\Sarissa_Guard_Left_Strong_8022.json
[플러그인 로드 실패] pdf: 필요 패키지 없음: pdfminer
==================================================

==================================================
시간: 2026-03-23 19:07:35.507444
파일: F:\Workspaces\design_Jinsu_Trunk\Trunk\Shared\Data\JSON\HitMotion\Sarissa_Guard_Left_Strong_8022.json
[플러그인 로드 실패] yaml: 필요 패키지 없음: yaml
==================================================

==================================================
시간: 2026-03-23 19:07:35.965638
파일: F:\Workspaces\design_Jinsu_Trunk\Trunk\Shared\Data\JSON\RootMotion\Bear_Normal_Battle_Attack01R.json
[플러그인 로드 실패] docx: 필요 패키지 없음: docx
==================================================

==================================================
시간: 2026-03-23 19:07:35.967648
파일: F:\Workspaces\design_Jinsu_Trunk\Trunk\Shared\Data\JSON\RootMotion\Bear_Normal_Battle_Attack01R.json
[플러그인 로드 실패] hwp: 필요 패키지 없음: olefile
==================================================

==================================================
시간: 2026-03-23 19:07:35.969647
파일: F:\Workspaces\design_Jinsu_Trunk\Trunk\Shared\Data\JSON\RootMotion\Bear_Normal_Battle_Attack01R.json
[플러그인 로드 실패] pdf: 필요 패키지 없음: pdfminer
==================================================

==================================================
시간: 2026-03-23 19:07:35.971147
파일: F:\Workspaces\design_Jinsu_Trunk\Trunk\Shared\Data\JSON\RootMotion\Bear_Normal_Battle_Attack01R.json
[플러그인 로드 실패] yaml: 필요 패키지 없음: yaml
==================================================

==================================================
시간: 2026-03-23 19:07:36.196482
파일: F:\Workspaces\design_Jinsu_Trunk\Trunk\Shared\Data\JSON\RootMotion\Dagger_Boss_Battle_StrongSkill02_02Str.json
[플러그인 로드 실패] docx: 필요 패키지 없음: docx
==================================================

==================================================
시간: 2026-03-23 19:07:36.198985
파일: F:\Workspaces\design_Jinsu_Trunk\Trunk\Shared\Data\JSON\RootMotion\Dagger_Boss_Battle_StrongSkill02_02Str.json
[플러그인 로드 실패] hwp: 필요 패키지 없음: olefile
==================================================

==================================================
시간: 2026-03-23 19:07:36.200987
파일: F:\Workspaces\design_Jinsu_Trunk\Trunk\Shared\Data\JSON\RootMotion\Dagger_Boss_Battle_StrongSkill02_02Str.json
[플러그인 로드 실패] pdf: 필요 패키지 없음: pdfminer
==================================================

==================================================
시간: 2026-03-23 19:07:36.202997
파일: F:\Workspaces\design_Jinsu_Trunk\Trunk\Shared\Data\JSON\RootMotion\Dagger_Boss_Battle_StrongSkill02_02Str.json
[플러그인 로드 실패] yaml: 필요 패키지 없음: yaml
==================================================

==================================================
시간: 2026-03-23 19:07:36.341711
파일: F:\Workspaces\design_Jinsu_Trunk\Trunk\Shared\Data\JSON\RootMotion\Firewyrm_Boss_Battle_Skill12_01.json
[플러그인 로드 실패] docx: 필요 패키지 없음: docx
==================================================

==================================================
시간: 2026-03-23 19:07:36.343211
파일: F:\Workspaces\design_Jinsu_Trunk\Trunk\Shared\Data\JSON\RootMotion\Firewyrm_Boss_Battle_Skill12_01.json
[플러그인 로드 실패] hwp: 필요 패키지 없음: olefile
==================================================

==================================================
시간: 2026-03-23 19:07:36.344712
파일: F:\Workspaces\design_Jinsu_Trunk\Trunk\Shared\Data\JSON\RootMotion\Firewyrm_Boss_Battle_Skill12_01.json
[플러그인 로드 실패] pdf: 필요 패키지 없음: pdfminer
==================================================

==================================================
시간: 2026-03-23 19:07:36.346725
파일: F:\Workspaces\design_Jinsu_Trunk\Trunk\Shared\Data\JSON\RootMotion\Firewyrm_Boss_Battle_Skill12_01.json
[플러그인 로드 실패] yaml: 필요 패키지 없음: yaml
==================================================

==================================================
시간: 2026-03-23 19:07:36.384252
파일: F:\Workspaces\design_Jinsu_Trunk\Trunk\Shared\Data\JSON\RootMotion\GiantIceSpider_BYW_Boss_Battle_Attack01_Nor.json
[플러그인 로드 실패] docx: 필요 패키지 없음: docx
==================================================

==================================================
시간: 2026-03-23 19:07:36.386764
파일: F:\Workspaces\design_Jinsu_Trunk\Trunk\Shared\Data\JSON\RootMotion\GiantIceSpider_BYW_Boss_Battle_Attack01_Nor.json
[플러그인 로드 실패] hwp: 필요 패키지 없음: olefile
==================================================

==================================================
시간: 2026-03-23 19:07:36.388771
파일: F:\Workspaces\design_Jinsu_Trunk\Trunk\Shared\Data\JSON\RootMotion\GiantIceSpider_BYW_Boss_Battle_Attack01_Nor.json
[플러그인 로드 실패] pdf: 필요 패키지 없음: pdfminer
==================================================

==================================================
시간: 2026-03-23 19:07:36.390770
파일: F:\Workspaces\design_Jinsu_Trunk\Trunk\Shared\Data\JSON\RootMotion\GiantIceSpider_BYW_Boss_Battle_Attack01_Nor.json
[플러그인 로드 실패] yaml: 필요 패키지 없음: yaml
==================================================

==================================================
시간: 2026-03-23 19:07:36.421331
파일: F:\Workspaces\design_Jinsu_Trunk\Trunk\Shared\Data\JSON\RootMotion\Griffin_Boss_Battle_LeftStep_Test3.json
[플러그인 로드 실패] docx: 필요 패키지 없음: docx
==================================================

==================================================
시간: 2026-03-23 19:07:36.423330
파일: F:\Workspaces\design_Jinsu_Trunk\Trunk\Shared\Data\JSON\RootMotion\Griffin_Boss_Battle_LeftStep_Test3.json
[플러그인 로드 실패] hwp: 필요 패키지 없음: olefile
==================================================

==================================================
시간: 2026-03-23 19:07:36.425838
파일: F:\Workspaces\design_Jinsu_Trunk\Trunk\Shared\Data\JSON\RootMotion\Griffin_Boss_Battle_LeftStep_Test3.json
[플러그인 로드 실패] pdf: 필요 패키지 없음: pdfminer
==================================================

==================================================
시간: 2026-03-23 19:07:36.427848
파일: F:\Workspaces\design_Jinsu_Trunk\Trunk\Shared\Data\JSON\RootMotion\Griffin_Boss_Battle_LeftStep_Test3.json
[플러그인 로드 실패] yaml: 필요 패키지 없음: yaml
==================================================

==================================================
시간: 2026-03-23 19:07:36.456381
파일: F:\Workspaces\design_Jinsu_Trunk\Trunk\Shared\Data\JSON\RootMotion\KnightFemale_DualSwords_SkillDualSwordsSpinSlash02.json
[플러그인 로드 실패] docx: 필요 패키지 없음: docx
==================================================

==================================================
시간: 2026-03-23 19:07:36.458387
파일: F:\Workspaces\design_Jinsu_Trunk\Trunk\Shared\Data\JSON\RootMotion\KnightFemale_DualSwords_SkillDualSwordsSpinSlash02.json
[플러그인 로드 실패] hwp: 필요 패키지 없음: olefile
==================================================

==================================================
시간: 2026-03-23 19:07:36.460386
파일: F:\Workspaces\design_Jinsu_Trunk\Trunk\Shared\Data\JSON\RootMotion\KnightFemale_DualSwords_SkillDualSwordsSpinSlash02.json
[플러그인 로드 실패] pdf: 필요 패키지 없음: pdfminer
==================================================

==================================================
시간: 2026-03-23 19:07:36.462388
파일: F:\Workspaces\design_Jinsu_Trunk\Trunk\Shared\Data\JSON\RootMotion\KnightFemale_DualSwords_SkillDualSwordsSpinSlash02.json
[플러그인 로드 실패] yaml: 필요 패키지 없음: yaml
==================================================

==================================================
시간: 2026-03-23 19:07:36.488429
파일: F:\Workspaces\design_Jinsu_Trunk\Trunk\Shared\Data\JSON\RootMotion\KnightFemale_DefaultComboAttack_01.json
[플러그인 로드 실패] docx: 필요 패키지 없음: docx
==================================================

==================================================
시간: 2026-03-23 19:07:36.490430
파일: F:\Workspaces\design_Jinsu_Trunk\Trunk\Shared\Data\JSON\RootMotion\KnightFemale_DefaultComboAttack_01.json
[플러그인 로드 실패] hwp: 필요 패키지 없음: olefile
==================================================

==================================================
시간: 2026-03-23 19:07:36.492929
파일: F:\Workspaces\design_Jinsu_Trunk\Trunk\Shared\Data\JSON\RootMotion\KnightFemale_DefaultComboAttack_01.json
[플러그인 로드 실패] pdf: 필요 패키지 없음: pdfminer
==================================================

==================================================
시간: 2026-03-23 19:07:36.494432
파일: F:\Workspaces\design_Jinsu_Trunk\Trunk\Shared\Data\JSON\RootMotion\KnightFemale_DefaultComboAttack_01.json
[플러그인 로드 실패] yaml: 필요 패키지 없음: yaml
==================================================

==================================================
시간: 2026-03-23 19:07:36.500947
파일: F:\Workspaces\design_Jinsu_Trunk\Trunk\Shared\Data\JSON\RootMotion\KnightFemale_Execution_Surpriesd_StandAttack01.json
[플러그인 로드 실패] docx: 필요 패키지 없음: docx
==================================================

==================================================
시간: 2026-03-23 19:07:36.502957
파일: F:\Workspaces\design_Jinsu_Trunk\Trunk\Shared\Data\JSON\RootMotion\KnightFemale_Execution_Surpriesd_StandAttack01.json
[플러그인 로드 실패] hwp: 필요 패키지 없음: olefile
==================================================

==================================================
시간: 2026-03-23 19:07:36.504463
파일: F:\Workspaces\design_Jinsu_Trunk\Trunk\Shared\Data\JSON\RootMotion\KnightFemale_Execution_Surpriesd_StandAttack01.json
[플러그인 로드 실패] pdf: 필요 패키지 없음: pdfminer
==================================================

==================================================
시간: 2026-03-23 19:07:36.506477
파일: F:\Workspaces\design_Jinsu_Trunk\Trunk\Shared\Data\JSON\RootMotion\KnightFemale_Execution_Surpriesd_StandAttack01.json
[플러그인 로드 실패] yaml: 필요 패키지 없음: yaml
==================================================

==================================================
시간: 2026-03-23 19:07:36.511973
파일: F:\Workspaces\design_Jinsu_Trunk\Trunk\Shared\Data\JSON\RootMotion\KnightFemale_SkillPounding_Rush_Fail.json
[플러그인 로드 실패] docx: 필요 패키지 없음: docx
==================================================

==================================================
시간: 2026-03-23 19:07:36.513478
파일: F:\Workspaces\design_Jinsu_Trunk\Trunk\Shared\Data\JSON\RootMotion\KnightFemale_SkillPounding_Rush_Fail.json
[플러그인 로드 실패] hwp: 필요 패키지 없음: olefile
==================================================

==================================================
시간: 2026-03-23 19:07:36.514477
파일: F:\Workspaces\design_Jinsu_Trunk\Trunk\Shared\Data\JSON\RootMotion\KnightFemale_SkillPounding_Rush_Fail.json
[플러그인 로드 실패] pdf: 필요 패키지 없음: pdfminer
==================================================

==================================================
시간: 2026-03-23 19:07:36.516993
파일: F:\Workspaces\design_Jinsu_Trunk\Trunk\Shared\Data\JSON\RootMotion\KnightFemale_SkillPounding_Rush_Fail.json
[플러그인 로드 실패] yaml: 필요 패키지 없음: yaml
==================================================

==================================================
시간: 2026-03-23 19:07:36.529509
파일: F:\Workspaces\design_Jinsu_Trunk\Trunk\Shared\Data\JSON\RootMotion\KnightFemale_FinishComboAttack_00.json
[플러그인 로드 실패] docx: 필요 패키지 없음: docx
==================================================

==================================================
시간: 2026-03-23 19:07:36.531006
파일: F:\Workspaces\design_Jinsu_Trunk\Trunk\Shared\Data\JSON\RootMotion\KnightFemale_FinishComboAttack_00.json
[플러그인 로드 실패] hwp: 필요 패키지 없음: olefile
==================================================

==================================================
시간: 2026-03-23 19:07:36.532508
파일: F:\Workspaces\design_Jinsu_Trunk\Trunk\Shared\Data\JSON\RootMotion\KnightFemale_FinishComboAttack_00.json
[플러그인 로드 실패] pdf: 필요 패키지 없음: pdfminer
==================================================

==================================================
시간: 2026-03-23 19:07:36.534506
파일: F:\Workspaces\design_Jinsu_Trunk\Trunk\Shared\Data\JSON\RootMotion\KnightFemale_FinishComboAttack_00.json
[플러그인 로드 실패] yaml: 필요 패키지 없음: yaml
==================================================

==================================================
시간: 2026-03-23 19:07:36.536515
파일: F:\Workspaces\design_Jinsu_Trunk\Trunk\Shared\Data\JSON\RootMotion\KnightFemale_Sword_ParryAttack02.json
[플러그인 로드 실패] docx: 필요 패키지 없음: docx
==================================================

==================================================
시간: 2026-03-23 19:07:36.538020
파일: F:\Workspaces\design_Jinsu_Trunk\Trunk\Shared\Data\JSON\RootMotion\KnightFemale_Sword_ParryAttack02.json
[플러그인 로드 실패] hwp: 필요 패키지 없음: olefile
==================================================

==================================================
시간: 2026-03-23 19:07:36.540019
파일: F:\Workspaces\design_Jinsu_Trunk\Trunk\Shared\Data\JSON\RootMotion\KnightFemale_Sword_ParryAttack02.json
[플러그인 로드 실패] pdf: 필요 패키지 없음: pdfminer
==================================================

==================================================
시간: 2026-03-23 19:07:36.542020
파일: F:\Workspaces\design_Jinsu_Trunk\Trunk\Shared\Data\JSON\RootMotion\KnightFemale_Sword_ParryAttack02.json
[플러그인 로드 실패] yaml: 필요 패키지 없음: yaml
==================================================

==================================================
시간: 2026-03-23 19:07:36.634617
파일: F:\Workspaces\design_Jinsu_Trunk\Trunk\Shared\Data\JSON\RootMotion\Lion_Boss_Battle_BackStep_Short.json
[플러그인 로드 실패] docx: 필요 패키지 없음: docx
==================================================

==================================================
시간: 2026-03-23 19:07:36.637126
파일: F:\Workspaces\design_Jinsu_Trunk\Trunk\Shared\Data\JSON\RootMotion\Lion_Boss_Battle_BackStep_Short.json
[플러그인 로드 실패] hwp: 필요 패키지 없음: olefile
==================================================

==================================================
시간: 2026-03-23 19:07:36.638630
파일: F:\Workspaces\design_Jinsu_Trunk\Trunk\Shared\Data\JSON\RootMotion\Lion_Boss_Battle_BackStep_Short.json
[플러그인 로드 실패] pdf: 필요 패키지 없음: pdfminer
==================================================

==================================================
시간: 2026-03-23 19:07:36.639630
파일: F:\Workspaces\design_Jinsu_Trunk\Trunk\Shared\Data\JSON\RootMotion\Lion_Boss_Battle_BackStep_Short.json
[플러그인 로드 실패] yaml: 필요 패키지 없음: yaml
==================================================

==================================================
시간: 2026-03-23 19:07:36.644130
파일: F:\Workspaces\design_Jinsu_Trunk\Trunk\Shared\Data\JSON\RootMotion\KnightMale_Throw_Start.json
[플러그인 로드 실패] docx: 필요 패키지 없음: docx
==================================================

==================================================
시간: 2026-03-23 19:07:36.645635
파일: F:\Workspaces\design_Jinsu_Trunk\Trunk\Shared\Data\JSON\RootMotion\KnightMale_Throw_Start.json
[플러그인 로드 실패] hwp: 필요 패키지 없음: olefile
==================================================

==================================================
시간: 2026-03-23 19:07:36.647144
파일: F:\Workspaces\design_Jinsu_Trunk\Trunk\Shared\Data\JSON\RootMotion\KnightMale_Throw_Start.json
[플러그인 로드 실패] pdf: 필요 패키지 없음: pdfminer
==================================================

==================================================
시간: 2026-03-23 19:07:36.648644
파일: F:\Workspaces\design_Jinsu_Trunk\Trunk\Shared\Data\JSON\RootMotion\KnightMale_Throw_Start.json
[플러그인 로드 실패] yaml: 필요 패키지 없음: yaml
==================================================

==================================================
시간: 2026-03-23 19:08:04.083595
파일: F:\Workspaces\design_Jinsu_Trunk\Trunk\Shared\Data\temp.txt
[플러그인 로드 실패] docx: 필요 패키지 없음: docx
==================================================

==================================================
시간: 2026-03-23 19:08:04.084593
파일: F:\Workspaces\design_Jinsu_Trunk\Trunk\Shared\Data\temp.txt
[플러그인 로드 실패] hwp: 필요 패키지 없음: olefile
==================================================

==================================================
시간: 2026-03-23 19:08:04.085594
파일: F:\Workspaces\design_Jinsu_Trunk\Trunk\Shared\Data\temp.txt
[플러그인 로드 실패] pdf: 필요 패키지 없음: pdfminer
==================================================

==================================================
시간: 2026-03-23 19:08:04.087101
파일: F:\Workspaces\design_Jinsu_Trunk\Trunk\Shared\Data\temp.txt
[플러그인 로드 실패] yaml: 필요 패키지 없음: yaml
==================================================

==================================================
시간: 2026-03-23 19:08:04.225313
파일: F:\Workspaces\design_Jinsu_Trunk\Trunk\Shared\Data\JSON\KingdomWorld.json
[플러그인 로드 실패] docx: 필요 패키지 없음: docx
==================================================

==================================================
시간: 2026-03-23 19:08:04.227828
파일: F:\Workspaces\design_Jinsu_Trunk\Trunk\Shared\Data\JSON\KingdomWorld.json
[플러그인 로드 실패] hwp: 필요 패키지 없음: olefile
==================================================

==================================================
시간: 2026-03-23 19:08:04.229831
파일: F:\Workspaces\design_Jinsu_Trunk\Trunk\Shared\Data\JSON\KingdomWorld.json
[플러그인 로드 실패] pdf: 필요 패키지 없음: pdfminer
==================================================

==================================================
시간: 2026-03-23 19:08:04.231833
파일: F:\Workspaces\design_Jinsu_Trunk\Trunk\Shared\Data\JSON\KingdomWorld.json
[플러그인 로드 실패] yaml: 필요 패키지 없음: yaml
==================================================

==================================================
시간: 2026-03-23 19:08:04.243344
파일: F:\Workspaces\design_Jinsu_Trunk\Trunk\Shared\Data\JSON\HitBox\Giant_Boss_Fat01_Barehand01.json
[플러그인 로드 실패] docx: 필요 패키지 없음: docx
==================================================

==================================================
시간: 2026-03-23 19:08:04.245343
파일: F:\Workspaces\design_Jinsu_Trunk\Trunk\Shared\Data\JSON\HitBox\Giant_Boss_Fat01_Barehand01.json
[플러그인 로드 실패] hwp: 필요 패키지 없음: olefile
==================================================

==================================================
시간: 2026-03-23 19:08:04.247351
파일: F:\Workspaces\design_Jinsu_Trunk\Trunk\Shared\Data\JSON\HitBox\Giant_Boss_Fat01_Barehand01.json
[플러그인 로드 실패] pdf: 필요 패키지 없음: pdfminer
==================================================

==================================================
시간: 2026-03-23 19:08:04.249356
파일: F:\Workspaces\design_Jinsu_Trunk\Trunk\Shared\Data\JSON\HitBox\Giant_Boss_Fat01_Barehand01.json
[플러그인 로드 실패] yaml: 필요 패키지 없음: yaml
==================================================

==================================================
시간: 2026-03-23 19:08:04.254356
파일: F:\Workspaces\design_Jinsu_Trunk\Trunk\Shared\Data\JSON\LevelGadgetExportExcel.json
[플러그인 로드 실패] docx: 필요 패키지 없음: docx
==================================================

==================================================
시간: 2026-03-23 19:08:04.256363
파일: F:\Workspaces\design_Jinsu_Trunk\Trunk\Shared\Data\JSON\LevelGadgetExportExcel.json
[플러그인 로드 실패] hwp: 필요 패키지 없음: olefile
==================================================

==================================================
시간: 2026-03-23 19:08:04.258368
파일: F:\Workspaces\design_Jinsu_Trunk\Trunk\Shared\Data\JSON\LevelGadgetExportExcel.json
[플러그인 로드 실패] pdf: 필요 패키지 없음: pdfminer
==================================================

==================================================
시간: 2026-03-23 19:08:04.259868
파일: F:\Workspaces\design_Jinsu_Trunk\Trunk\Shared\Data\JSON\LevelGadgetExportExcel.json
[플러그인 로드 실패] yaml: 필요 패키지 없음: yaml
==================================================

==================================================
시간: 2026-03-23 19:08:04.263367
파일: F:\Workspaces\design_Jinsu_Trunk\Trunk\Shared\Data\JSON\HitBox\Giant_Boss_Nor01_WarHammer02_MemoryAltar.json
[플러그인 로드 실패] docx: 필요 패키지 없음: docx
==================================================

==================================================
시간: 2026-03-23 19:08:04.265369
파일: F:\Workspaces\design_Jinsu_Trunk\Trunk\Shared\Data\JSON\HitBox\Giant_Boss_Nor01_WarHammer02_MemoryAltar.json
[플러그인 로드 실패] hwp: 필요 패키지 없음: olefile
==================================================

==================================================
시간: 2026-03-23 19:08:04.267883
파일: F:\Workspaces\design_Jinsu_Trunk\Trunk\Shared\Data\JSON\HitBox\Giant_Boss_Nor01_WarHammer02_MemoryAltar.json
[플러그인 로드 실패] pdf: 필요 패키지 없음: pdfminer
==================================================

==================================================
시간: 2026-03-23 19:08:04.269887
파일: F:\Workspaces\design_Jinsu_Trunk\Trunk\Shared\Data\JSON\HitBox\Giant_Boss_Nor01_WarHammer02_MemoryAltar.json
[플러그인 로드 실패] yaml: 필요 패키지 없음: yaml
==================================================

==================================================
시간: 2026-03-23 19:08:04.288911
파일: F:\Workspaces\design_Jinsu_Trunk\Trunk\Shared\Data\JSON\HitBox\Kraken_BattleDummy.json
[플러그인 로드 실패] docx: 필요 패키지 없음: docx
==================================================

==================================================
시간: 2026-03-23 19:08:04.290410
파일: F:\Workspaces\design_Jinsu_Trunk\Trunk\Shared\Data\JSON\HitBox\Kraken_BattleDummy.json
[플러그인 로드 실패] hwp: 필요 패키지 없음: olefile
==================================================

==================================================
시간: 2026-03-23 19:08:04.292912
파일: F:\Workspaces\design_Jinsu_Trunk\Trunk\Shared\Data\JSON\HitBox\Kraken_BattleDummy.json
[플러그인 로드 실패] pdf: 필요 패키지 없음: pdfminer
==================================================

==================================================
시간: 2026-03-23 19:08:04.294911
파일: F:\Workspaces\design_Jinsu_Trunk\Trunk\Shared\Data\JSON\HitBox\Kraken_BattleDummy.json
[플러그인 로드 실패] yaml: 필요 패키지 없음: yaml
==================================================

==================================================
시간: 2026-03-23 19:08:04.298423
파일: F:\Workspaces\design_Jinsu_Trunk\Trunk\Shared\Data\JSON\HitBox\Giant_Boss_Fat02_Barehand01_MemoryAltar.json
[플러그인 로드 실패] docx: 필요 패키지 없음: docx
==================================================

==================================================
시간: 2026-03-23 19:08:04.299923
파일: F:\Workspaces\design_Jinsu_Trunk\Trunk\Shared\Data\JSON\HitBox\Giant_Boss_Fat02_Barehand01_MemoryAltar.json
[플러그인 로드 실패] hwp: 필요 패키지 없음: olefile
==================================================

==================================================
시간: 2026-03-23 19:08:04.302423
파일: F:\Workspaces\design_Jinsu_Trunk\Trunk\Shared\Data\JSON\HitBox\Giant_Boss_Fat02_Barehand01_MemoryAltar.json
[플러그인 로드 실패] pdf: 필요 패키지 없음: pdfminer
==================================================

==================================================
시간: 2026-03-23 19:08:04.303923
파일: F:\Workspaces\design_Jinsu_Trunk\Trunk\Shared\Data\JSON\HitBox\Giant_Boss_Fat02_Barehand01_MemoryAltar.json
[플러그인 로드 실패] yaml: 필요 패키지 없음: yaml
==================================================

==================================================
시간: 2026-03-23 19:08:04.408578
파일: F:\Workspaces\design_Jinsu_Trunk\Trunk\Shared\Data\JSON\RootMotion\Arctodus_Boss_Battle_Attack01R.json
[플러그인 로드 실패] docx: 필요 패키지 없음: docx
==================================================

==================================================
시간: 2026-03-23 19:08:04.410077
파일: F:\Workspaces\design_Jinsu_Trunk\Trunk\Shared\Data\JSON\RootMotion\Arctodus_Boss_Battle_Attack01R.json
[플러그인 로드 실패] hwp: 필요 패키지 없음: olefile
==================================================

==================================================
시간: 2026-03-23 19:08:04.412078
파일: F:\Workspaces\design_Jinsu_Trunk\Trunk\Shared\Data\JSON\RootMotion\Arctodus_Boss_Battle_Attack01R.json
[플러그인 로드 실패] pdf: 필요 패키지 없음: pdfminer
==================================================

==================================================
시간: 2026-03-23 19:08:04.413579
파일: F:\Workspaces\design_Jinsu_Trunk\Trunk\Shared\Data\JSON\RootMotion\Arctodus_Boss_Battle_Attack01R.json
[플러그인 로드 실패] yaml: 필요 패키지 없음: yaml
==================================================

==================================================
시간: 2026-03-23 19:08:04.418087
파일: F:\Workspaces\design_Jinsu_Trunk\Trunk\Shared\Data\JSON\RootMotion\Arctodus_Boss_Battle_Skill01_01.json
[플러그인 로드 실패] docx: 필요 패키지 없음: docx
==================================================

==================================================
시간: 2026-03-23 19:08:04.420088
파일: F:\Workspaces\design_Jinsu_Trunk\Trunk\Shared\Data\JSON\RootMotion\Arctodus_Boss_Battle_Skill01_01.json
[플러그인 로드 실패] hwp: 필요 패키지 없음: olefile
==================================================

==================================================
시간: 2026-03-23 19:08:04.421600
파일: F:\Workspaces\design_Jinsu_Trunk\Trunk\Shared\Data\JSON\RootMotion\Arctodus_Boss_Battle_Skill01_01.json
[플러그인 로드 실패] pdf: 필요 패키지 없음: pdfminer
==================================================

==================================================
시간: 2026-03-23 19:08:04.423599
파일: F:\Workspaces\design_Jinsu_Trunk\Trunk\Shared\Data\JSON\RootMotion\Arctodus_Boss_Battle_Skill01_01.json
[플러그인 로드 실패] yaml: 필요 패키지 없음: yaml
==================================================

==================================================
시간: 2026-03-23 19:08:05.607220
파일: F:\Workspaces\design_Jinsu_Trunk\Trunk\Shared\Data\CSV\L10N\en\LocalizedStrings.csv
[플러그인 로드 실패] docx: 필요 패키지 없음: docx
==================================================

==================================================
시간: 2026-03-23 19:08:05.609722
파일: F:\Workspaces\design_Jinsu_Trunk\Trunk\Shared\Data\CSV\L10N\en\LocalizedStrings.csv
[플러그인 로드 실패] hwp: 필요 패키지 없음: olefile
==================================================

==================================================
시간: 2026-03-23 19:08:05.611723
파일: F:\Workspaces\design_Jinsu_Trunk\Trunk\Shared\Data\CSV\L10N\en\LocalizedStrings.csv
[플러그인 로드 실패] pdf: 필요 패키지 없음: pdfminer
==================================================

==================================================
시간: 2026-03-23 19:08:05.613222
파일: F:\Workspaces\design_Jinsu_Trunk\Trunk\Shared\Data\CSV\L10N\en\LocalizedStrings.csv
[플러그인 로드 실패] yaml: 필요 패키지 없음: yaml
==================================================

==================================================
시간: 2026-03-23 19:08:05.652772
파일: F:\Workspaces\design_Jinsu_Trunk\Trunk\Shared\Data\CSV\L10N\de\LocalizedStrings.csv
[플러그인 로드 실패] docx: 필요 패키지 없음: docx
==================================================

==================================================
시간: 2026-03-23 19:08:05.654772
파일: F:\Workspaces\design_Jinsu_Trunk\Trunk\Shared\Data\CSV\L10N\de\LocalizedStrings.csv
[플러그인 로드 실패] hwp: 필요 패키지 없음: olefile
==================================================

==================================================
시간: 2026-03-23 19:08:05.656781
파일: F:\Workspaces\design_Jinsu_Trunk\Trunk\Shared\Data\CSV\L10N\de\LocalizedStrings.csv
[플러그인 로드 실패] pdf: 필요 패키지 없음: pdfminer
==================================================

==================================================
시간: 2026-03-23 19:08:05.658287
파일: F:\Workspaces\design_Jinsu_Trunk\Trunk\Shared\Data\CSV\L10N\de\LocalizedStrings.csv
[플러그인 로드 실패] yaml: 필요 패키지 없음: yaml
==================================================

==================================================
시간: 2026-03-23 19:08:05.679319
파일: F:\Workspaces\design_Jinsu_Trunk\Trunk\Shared\Data\CSV\L10N\es\LocalizedStrings.csv
[플러그인 로드 실패] docx: 필요 패키지 없음: docx
==================================================

==================================================
시간: 2026-03-23 19:08:05.681820
파일: F:\Workspaces\design_Jinsu_Trunk\Trunk\Shared\Data\CSV\L10N\es\LocalizedStrings.csv
[플러그인 로드 실패] hwp: 필요 패키지 없음: olefile
==================================================

==================================================
시간: 2026-03-23 19:08:05.683319
파일: F:\Workspaces\design_Jinsu_Trunk\Trunk\Shared\Data\CSV\L10N\es\LocalizedStrings.csv
[플러그인 로드 실패] pdf: 필요 패키지 없음: pdfminer
==================================================

==================================================
시간: 2026-03-23 19:08:05.684820
파일: F:\Workspaces\design_Jinsu_Trunk\Trunk\Shared\Data\CSV\L10N\es\LocalizedStrings.csv
[플러그인 로드 실패] yaml: 필요 패키지 없음: yaml
==================================================

==================================================
시간: 2026-03-23 19:08:05.708868
파일: F:\Workspaces\design_Jinsu_Trunk\Trunk\Shared\Data\CSV\L10N\it\LocalizedStrings.csv
[플러그인 로드 실패] docx: 필요 패키지 없음: docx
==================================================

==================================================
시간: 2026-03-23 19:08:05.710868
파일: F:\Workspaces\design_Jinsu_Trunk\Trunk\Shared\Data\CSV\L10N\it\LocalizedStrings.csv
[플러그인 로드 실패] hwp: 필요 패키지 없음: olefile
==================================================

==================================================
시간: 2026-03-23 19:08:05.712868
파일: F:\Workspaces\design_Jinsu_Trunk\Trunk\Shared\Data\CSV\L10N\it\LocalizedStrings.csv
[플러그인 로드 실패] pdf: 필요 패키지 없음: pdfminer
==================================================

==================================================
시간: 2026-03-23 19:08:05.714869
파일: F:\Workspaces\design_Jinsu_Trunk\Trunk\Shared\Data\CSV\L10N\it\LocalizedStrings.csv
[플러그인 로드 실패] yaml: 필요 패키지 없음: yaml
==================================================

==================================================
시간: 2026-03-23 19:08:05.732409
파일: F:\Workspaces\design_Jinsu_Trunk\Trunk\Shared\Data\CSV\L10N\tr\LocalizedStrings.csv
[플러그인 로드 실패] docx: 필요 패키지 없음: docx
==================================================

==================================================
시간: 2026-03-23 19:08:05.734410
파일: F:\Workspaces\design_Jinsu_Trunk\Trunk\Shared\Data\CSV\L10N\tr\LocalizedStrings.csv
[플러그인 로드 실패] hwp: 필요 패키지 없음: olefile
==================================================

==================================================
시간: 2026-03-23 19:08:05.736413
파일: F:\Workspaces\design_Jinsu_Trunk\Trunk\Shared\Data\CSV\L10N\tr\LocalizedStrings.csv
[플러그인 로드 실패] pdf: 필요 패키지 없음: pdfminer
==================================================

==================================================
시간: 2026-03-23 19:08:05.737918
파일: F:\Workspaces\design_Jinsu_Trunk\Trunk\Shared\Data\CSV\L10N\tr\LocalizedStrings.csv
[플러그인 로드 실패] yaml: 필요 패키지 없음: yaml
==================================================

==================================================
시간: 2026-03-23 19:08:05.743424
파일: F:\Workspaces\design_Jinsu_Trunk\Trunk\Shared\Data\CSV\L10N\pt\LocalizedStrings.csv
[플러그인 로드 실패] docx: 필요 패키지 없음: docx
==================================================

==================================================
시간: 2026-03-23 19:08:05.745422
파일: F:\Workspaces\design_Jinsu_Trunk\Trunk\Shared\Data\CSV\L10N\pt\LocalizedStrings.csv
[플러그인 로드 실패] hwp: 필요 패키지 없음: olefile
==================================================

==================================================
시간: 2026-03-23 19:08:05.747431
파일: F:\Workspaces\design_Jinsu_Trunk\Trunk\Shared\Data\CSV\L10N\pt\LocalizedStrings.csv
[플러그인 로드 실패] pdf: 필요 패키지 없음: pdfminer
==================================================

==================================================
시간: 2026-03-23 19:08:05.749431
파일: F:\Workspaces\design_Jinsu_Trunk\Trunk\Shared\Data\CSV\L10N\pt\LocalizedStrings.csv
[플러그인 로드 실패] yaml: 필요 패키지 없음: yaml
==================================================

==================================================
시간: 2026-03-23 19:08:05.793987
파일: F:\Workspaces\design_Jinsu_Trunk\Trunk\Shared\Data\CSV\L10N\zh_TW\LocalizedStrings.csv
[플러그인 로드 실패] docx: 필요 패키지 없음: docx
==================================================

==================================================
시간: 2026-03-23 19:08:05.796489
파일: F:\Workspaces\design_Jinsu_Trunk\Trunk\Shared\Data\CSV\L10N\zh_TW\LocalizedStrings.csv
[플러그인 로드 실패] hwp: 필요 패키지 없음: olefile
==================================================

==================================================
시간: 2026-03-23 19:08:05.797994
파일: F:\Workspaces\design_Jinsu_Trunk\Trunk\Shared\Data\CSV\L10N\zh_TW\LocalizedStrings.csv
[플러그인 로드 실패] pdf: 필요 패키지 없음: pdfminer
==================================================

==================================================
시간: 2026-03-23 19:08:05.799994
파일: F:\Workspaces\design_Jinsu_Trunk\Trunk\Shared\Data\CSV\L10N\zh_TW\LocalizedStrings.csv
[플러그인 로드 실패] yaml: 필요 패키지 없음: yaml
==================================================

==================================================
시간: 2026-03-23 19:08:05.802994
파일: F:\Workspaces\design_Jinsu_Trunk\Trunk\Shared\Data\CSV\L10N\zh_CN\LocalizedStrings.csv
[플러그인 로드 실패] docx: 필요 패키지 없음: docx
==================================================

==================================================
시간: 2026-03-23 19:08:05.804495
파일: F:\Workspaces\design_Jinsu_Trunk\Trunk\Shared\Data\CSV\L10N\zh_CN\LocalizedStrings.csv
[플러그인 로드 실패] hwp: 필요 패키지 없음: olefile
==================================================

==================================================
시간: 2026-03-23 19:08:05.805493
파일: F:\Workspaces\design_Jinsu_Trunk\Trunk\Shared\Data\CSV\L10N\zh_CN\LocalizedStrings.csv
[플러그인 로드 실패] pdf: 필요 패키지 없음: pdfminer
==================================================

==================================================
시간: 2026-03-23 19:08:05.807001
파일: F:\Workspaces\design_Jinsu_Trunk\Trunk\Shared\Data\CSV\L10N\zh_CN\LocalizedStrings.csv
[플러그인 로드 실패] yaml: 필요 패키지 없음: yaml
==================================================

==================================================
시간: 2026-03-23 19:08:05.812005
파일: F:\Workspaces\design_Jinsu_Trunk\Trunk\Shared\Data\CSV\L10N\ru\LocalizedStrings.csv
[플러그인 로드 실패] docx: 필요 패키지 없음: docx
==================================================

==================================================
시간: 2026-03-23 19:08:05.813508
파일: F:\Workspaces\design_Jinsu_Trunk\Trunk\Shared\Data\CSV\L10N\ru\LocalizedStrings.csv
[플러그인 로드 실패] hwp: 필요 패키지 없음: olefile
==================================================

==================================================
시간: 2026-03-23 19:08:05.814506
파일: F:\Workspaces\design_Jinsu_Trunk\Trunk\Shared\Data\CSV\L10N\ru\LocalizedStrings.csv
[플러그인 로드 실패] pdf: 필요 패키지 없음: pdfminer
==================================================

==================================================
시간: 2026-03-23 19:08:05.816510
파일: F:\Workspaces\design_Jinsu_Trunk\Trunk\Shared\Data\CSV\L10N\ru\LocalizedStrings.csv
[플러그인 로드 실패] yaml: 필요 패키지 없음: yaml
==================================================

==================================================
시간: 2026-03-23 19:08:05.820518
파일: F:\Workspaces\design_Jinsu_Trunk\Trunk\Shared\Data\CSV\L10N\th\LocalizedStrings.csv
[플러그인 로드 실패] docx: 필요 패키지 없음: docx
==================================================

==================================================
시간: 2026-03-23 19:08:05.822019
파일: F:\Workspaces\design_Jinsu_Trunk\Trunk\Shared\Data\CSV\L10N\th\LocalizedStrings.csv
[플러그인 로드 실패] hwp: 필요 패키지 없음: olefile
==================================================

==================================================
시간: 2026-03-23 19:08:05.823527
파일: F:\Workspaces\design_Jinsu_Trunk\Trunk\Shared\Data\CSV\L10N\th\LocalizedStrings.csv
[플러그인 로드 실패] pdf: 필요 패키지 없음: pdfminer
==================================================

==================================================
시간: 2026-03-23 19:08:05.825027
파일: F:\Workspaces\design_Jinsu_Trunk\Trunk\Shared\Data\CSV\L10N\th\LocalizedStrings.csv
[플러그인 로드 실패] yaml: 필요 패키지 없음: yaml
==================================================

==================================================
시간: 2026-03-23 19:08:05.829037
파일: F:\Workspaces\design_Jinsu_Trunk\Trunk\Shared\Data\CSV\L10N\ja\LocalizedStrings.csv
[플러그인 로드 실패] docx: 필요 패키지 없음: docx
==================================================

==================================================
시간: 2026-03-23 19:08:05.830037
파일: F:\Workspaces\design_Jinsu_Trunk\Trunk\Shared\Data\CSV\L10N\ja\LocalizedStrings.csv
[플러그인 로드 실패] hwp: 필요 패키지 없음: olefile
==================================================

==================================================
시간: 2026-03-23 19:08:05.831537
파일: F:\Workspaces\design_Jinsu_Trunk\Trunk\Shared\Data\CSV\L10N\ja\LocalizedStrings.csv
[플러그인 로드 실패] pdf: 필요 패키지 없음: pdfminer
==================================================

==================================================
시간: 2026-03-23 19:08:05.833036
파일: F:\Workspaces\design_Jinsu_Trunk\Trunk\Shared\Data\CSV\L10N\ja\LocalizedStrings.csv
[플러그인 로드 실패] yaml: 필요 패키지 없음: yaml
==================================================

==================================================
시간: 2026-03-24 16:28:49.402172
파일: F:\기획서\장벽너머원정\~$장벽너머원정 효과 인지 피드백 개선.pptx
파일 열기 실패: Package not found at 'F:\기획서\장벽너머원정\~$장벽너머원정 효과 인지 피드백 개선.pptx'
==================================================

==================================================
시간: 2026-03-24 16:37:48.409764
파일: F:\기획서\장벽너머원정\~$장벽너머원정 효과 인지 피드백 개선.pptx
파일 열기 실패: Package not found at 'F:\기획서\장벽너머원정\~$장벽너머원정 효과 인지 피드백 개선.pptx'
==================================================

==================================================
시간: 2026-03-24 16:51:49.187275
파일: F:\기획서\장벽너머원정\~$장벽너머원정 효과 인지 피드백 개선.pptx
파일 열기 실패: Package not found at 'F:\기획서\장벽너머원정\~$장벽너머원정 효과 인지 피드백 개선.pptx'
==================================================
